STATUS | wrapper  | 2010/11/15 13:59:27 | --> Wrapper Started as Service
STATUS | wrapper  | 2010/11/15 13:59:27 | Java Service Wrapper Community Edition 32-bit 3.5.6
STATUS | wrapper  | 2010/11/15 13:59:27 |   Copyright (C) 1999-2010 Tanuki Software, Ltd. All Rights Reserved.
STATUS | wrapper  | 2010/11/15 13:59:27 |     http://wrapper.tanukisoftware.com
STATUS | wrapper  | 2010/11/15 13:59:27 | 
STATUS | wrapper  | 2010/11/15 13:59:27 | Launching a JVM...
INFO   | jvm 1    | 2010/11/15 13:59:28 | WrapperManager: Initializing...
INFO   | jvm 1    | 2010/11/15 13:59:28 | ***************
INFO   | jvm 1    | 2010/11/15 13:59:28 | JAVA学习窗体
INFO   | jvm 1    | 2010/11/15 13:59:33 | sleep结束
INFO   | jvm 1    | 2010/11/15 13:59:33 | 窗体结束
STATUS | wrapper  | 2010/11/15 14:01:27 | Service is running.  Stopping it...
STATUS | wrapper  | 2010/11/15 14:01:28 | <-- Wrapper Stopped
STATUS | wrapper  | 2010/11/15 14:01:30 | Test Wrapper Sample Application stopped.
STATUS | wrapper  | 2010/11/15 14:01:30 | Test Wrapper Sample Application service removed.
STATUS | wrapper  | 2010/11/15 14:02:34 | Test Wrapper Sample Application service installed.
STATUS | wrapper  | 2010/11/15 14:02:41 | --> Wrapper Started as Service
STATUS | wrapper  | 2010/11/15 14:02:41 | Java Service Wrapper Community Edition 32-bit 3.5.6
STATUS | wrapper  | 2010/11/15 14:02:41 |   Copyright (C) 1999-2010 Tanuki Software, Ltd. All Rights Reserved.
STATUS | wrapper  | 2010/11/15 14:02:41 |     http://wrapper.tanukisoftware.com
STATUS | wrapper  | 2010/11/15 14:02:41 | 
STATUS | wrapper  | 2010/11/15 14:02:41 | Launching a JVM...
INFO   | jvm 1    | 2010/11/15 14:02:42 | java.lang.NoClassDefFoundError: org/tanukisoftware/wrapper/WrapperSimpleApp
ERROR  | wrapper  | 2010/11/15 14:02:42 | JVM exited while loading the application.
INFO   | jvm 1    | 2010/11/15 14:02:42 | Exception in thread "main" 
STATUS | wrapper  | 2010/11/15 14:02:46 | Launching a JVM...
INFO   | jvm 2    | 2010/11/15 14:02:46 | java.lang.NoClassDefFoundError: org/tanukisoftware/wrapper/WrapperSimpleApp
ERROR  | wrapper  | 2010/11/15 14:02:47 | JVM exited while loading the application.
INFO   | jvm 2    | 2010/11/15 14:02:47 | Exception in thread "main" 
STATUS | wrapper  | 2010/11/15 14:02:51 | Launching a JVM...
INFO   | jvm 3    | 2010/11/15 14:02:51 | java.lang.NoClassDefFoundError: org/tanukisoftware/wrapper/WrapperSimpleApp
ERROR  | wrapper  | 2010/11/15 14:02:51 | JVM exited while loading the application.
INFO   | jvm 3    | 2010/11/15 14:02:52 | Exception in thread "main" 
STATUS | wrapper  | 2010/11/15 14:02:56 | Launching a JVM...
INFO   | jvm 4    | 2010/11/15 14:02:56 | java.lang.NoClassDefFoundError: org/tanukisoftware/wrapper/WrapperSimpleApp
ERROR  | wrapper  | 2010/11/15 14:02:56 | JVM exited while loading the application.
INFO   | jvm 4    | 2010/11/15 14:02:56 | Exception in thread "main" 
STATUS | wrapper  | 2010/11/15 14:03:01 | Launching a JVM...
INFO   | jvm 5    | 2010/11/15 14:03:01 | java.lang.NoClassDefFoundError: org/tanukisoftware/wrapper/WrapperSimpleApp
ERROR  | wrapper  | 2010/11/15 14:03:01 | JVM exited while loading the application.
INFO   | jvm 5    | 2010/11/15 14:03:01 | Exception in thread "main" 
FATAL  | wrapper  | 2010/11/15 14:03:01 | There were 5 failed launches in a row, each lasting less than 300 seconds.  Giving up.
FATAL  | wrapper  | 2010/11/15 14:03:01 |   There may be a configuration problem: please check the logs.
STATUS | wrapper  | 2010/11/15 14:03:02 | <-- Wrapper Stopped
STATUS | wrapper  | 2010/11/15 14:04:16 | Test Wrapper Sample Application service removed.
ERROR  | wrapper  | 2010/11/15 14:11:22 | The Test Wrapper Sample Application service is not installed - 指定的服务并未以已安装的服务存在。 (0x424)
ERROR  | wrapper  | 2010/11/15 14:12:27 | The Test Wrapper Sample Application service is not installed - 指定的服务并未以已安装的服务存在。 (0x424)
STATUS | wrapper  | 2010/11/15 14:12:30 | Test Wrapper Sample Application service installed.
STATUS | wrapper  | 2010/11/15 14:12:32 | Test Wrapper Sample Application service removed.
ERROR  | wrapper  | 2010/11/15 14:13:53 | The Test Wrapper Sample Application service is not installed - 指定的服务并未以已安装的服务存在。 (0x424)
STATUS | wrapper  | 2010/11/15 14:13:56 | Test Wrapper Sample Application service installed.
STATUS | wrapper  | 2010/11/15 14:14:05 | Test Wrapper Sample Application service removed.
STATUS | wrapper  | 2010/11/15 14:14:41 | Stock Analyse Server Application service installed.
STATUS | wrapper  | 2010/11/15 14:16:17 | --> Wrapper Started as Service
STATUS | wrapper  | 2010/11/15 14:16:17 | Java Service Wrapper Community Edition 32-bit 3.5.6
STATUS | wrapper  | 2010/11/15 14:16:17 |   Copyright (C) 1999-2010 Tanuki Software, Ltd. All Rights Reserved.
STATUS | wrapper  | 2010/11/15 14:16:17 |     http://wrapper.tanukisoftware.com
STATUS | wrapper  | 2010/11/15 14:16:17 | 
STATUS | wrapper  | 2010/11/15 14:16:17 | Launching a JVM...
INFO   | jvm 1    | 2010/11/15 14:16:18 | WrapperManager: Initializing...
INFO   | jvm 1    | 2010/11/15 14:16:18 | ***************
INFO   | jvm 1    | 2010/11/15 14:16:18 | JAVA学习窗体
INFO   | jvm 1    | 2010/11/15 14:16:23 | sleep结束
INFO   | jvm 1    | 2010/11/15 14:16:23 | 窗体结束
